Determining if the pthread_create exist failed with the following output:
Change Dir: /home/nvidia/racecar-ws/build/CMakeFiles/CMakeTmp

Run Build Command:"/usr/bin/make" "cmTC_3d719/fast"
/usr/bin/make -f CMakeFiles/cmTC_3d719.dir/build.make CMakeFiles/cmTC_3d719.dir/build
make[1]: Entering directory '/home/nvidia/racecar-ws/build/CMakeFiles/CMakeTmp'
Building C object CMakeFiles/cmTC_3d719.dir/CheckSymbolExists.c.o
/usr/bin/cc     -o CMakeFiles/cmTC_3d719.dir/CheckSymbolExists.c.o   -c /home/nvidia/racecar-ws/build/CMakeFiles/CMakeTmp/CheckSymbolExists.c
Linking C executable cmTC_3d719
/usr/bin/cmake -E cmake_link_script CMakeFiles/cmTC_3d719.dir/link.txt --verbose=1
/usr/bin/cc       CMakeFiles/cmTC_3d719.dir/CheckSymbolExists.c.o  -o cmTC_3d719 -rdynamic 
CMakeFiles/cmTC_3d719.dir/CheckSymbolExists.c.o: In function `main':
CheckSymbolExists.c:(.text+0x14): undefined reference to `pthread_create'
CheckSymbolExists.c:(.text+0x18): undefined reference to `pthread_create'
collect2: error: ld returned 1 exit status
CMakeFiles/cmTC_3d719.dir/build.make:97: recipe for target 'cmTC_3d719' failed
make[1]: *** [cmTC_3d719] Error 1
make[1]: Leaving directory '/home/nvidia/racecar-ws/build/CMakeFiles/CMakeTmp'
Makefile:126: recipe for target 'cmTC_3d719/fast' failed
make: *** [cmTC_3d719/fast] Error 2

File /home/nvidia/racecar-ws/build/CMakeFiles/CMakeTmp/CheckSymbolExists.c:
/* */
#include <pthread.h>

int main(int argc, char** argv)
{
  (void)argv;
#ifndef pthread_create
  return ((int*)(&pthread_create))[argc];
#else
  (void)argc;
  return 0;
#endif
}

Determining if the function pthread_create exists in the pthreads failed with the following output:
Change Dir: /home/nvidia/racecar-ws/build/CMakeFiles/CMakeTmp

Run Build Command:"/usr/bin/make" "cmTC_7ca9c/fast"
/usr/bin/make -f CMakeFiles/cmTC_7ca9c.dir/build.make CMakeFiles/cmTC_7ca9c.dir/build
make[1]: Entering directory '/home/nvidia/racecar-ws/build/CMakeFiles/CMakeTmp'
Building C object CMakeFiles/cmTC_7ca9c.dir/CheckFunctionExists.c.o
/usr/bin/cc    -DCHECK_FUNCTION_EXISTS=pthread_create   -o CMakeFiles/cmTC_7ca9c.dir/CheckFunctionExists.c.o   -c /usr/share/cmake-3.5/Modules/CheckFunctionExists.c
Linking C executable cmTC_7ca9c
/usr/bin/cmake -E cmake_link_script CMakeFiles/cmTC_7ca9c.dir/link.txt --verbose=1
/usr/bin/cc   -DCHECK_FUNCTION_EXISTS=pthread_create    CMakeFiles/cmTC_7ca9c.dir/CheckFunctionExists.c.o  -o cmTC_7ca9c -rdynamic -lpthreads 
/usr/bin/ld: cannot find -lpthreads
collect2: error: ld returned 1 exit status
CMakeFiles/cmTC_7ca9c.dir/build.make:97: recipe for target 'cmTC_7ca9c' failed
make[1]: *** [cmTC_7ca9c] Error 1
make[1]: Leaving directory '/home/nvidia/racecar-ws/build/CMakeFiles/CMakeTmp'
Makefile:126: recipe for target 'cmTC_7ca9c/fast' failed
make: *** [cmTC_7ca9c/fast] Error 2


